00:18:46,744 |-INFO in ch.qos.logback.classic.LoggerContext[default] - This is logback-classic version 1.4.11
00:18:46,770 |-INFO in ch.qos.logback.classic.util.ContextInitializer@a7e666 - Here is a list of configurators discovered as a service, by rank: 
00:18:46,771 |-INFO in ch.qos.logback.classic.util.ContextInitializer@a7e666 -   org.springframework.boot.logging.logback.RootLogLevelConfigurator
00:18:46,771 |-INFO in ch.qos.logback.classic.util.ContextInitializer@a7e666 - They will be invoked in order until ExecutionStatus.DO_NOT_INVOKE_NEXT_IF_ANY is returned.
00:18:46,771 |-INFO in ch.qos.logback.classic.util.ContextInitializer@a7e666 - Constructed configurator of type class org.springframework.boot.logging.logback.RootLogLevelConfigurator
00:18:46,796 |-INFO in ch.qos.logback.classic.util.ContextInitializer@a7e666 - org.springframework.boot.logging.logback.RootLogLevelConfigurator.configure() call lasted 1 milliseconds. ExecutionStatus=INVOKE_NEXT_IF_ANY
00:18:46,796 |-INFO in ch.qos.logback.classic.util.ContextInitializer@a7e666 - Trying to configure with ch.qos.logback.classic.joran.SerializedModelConfigurator
00:18:46,800 |-INFO in ch.qos.logback.classic.util.ContextInitializer@a7e666 - Constructed configurator of type class ch.qos.logback.classic.joran.SerializedModelConfigurator
00:18:46,882 |-INFO in ch.qos.logback.classic.LoggerContext[default] - Could NOT find resource [logback-test.scmo]
00:18:46,885 |-INFO in ch.qos.logback.classic.LoggerContext[default] - Could NOT find resource [logback.scmo]
00:18:46,885 |-INFO in ch.qos.logback.classic.util.ContextInitializer@a7e666 - ch.qos.logback.classic.joran.SerializedModelConfigurator.configure() call lasted 85 milliseconds. ExecutionStatus=INVOKE_NEXT_IF_ANY
00:18:46,885 |-INFO in ch.qos.logback.classic.util.ContextInitializer@a7e666 - Trying to configure with ch.qos.logback.classic.util.DefaultJoranConfigurator
00:18:46,886 |-INFO in ch.qos.logback.classic.util.ContextInitializer@a7e666 - Constructed configurator of type class ch.qos.logback.classic.util.DefaultJoranConfigurator
00:18:46,890 |-INFO in ch.qos.logback.classic.LoggerContext[default] - Could NOT find resource [logback-test.xml]
00:18:46,894 |-INFO in ch.qos.logback.classic.LoggerContext[default] - Found resource [logback.xml] at [jar:file:/home/ubuntu/co-pro-0.0.1-SNAPSHOT.jar!/BOOT-INF/classes!/logback.xml]
00:18:46,928 |-INFO in ch.qos.logback.core.joran.spi.ConfigurationWatchList@68bbe345 - URL [jar:file:/home/ubuntu/co-pro-0.0.1-SNAPSHOT.jar!/BOOT-INF/classes!/logback.xml] is not of type file
00:18:47,163 |-INFO in ch.qos.logback.core.joran.util.ConfigurationWatchListUtil@30b8a058 - Adding [jar:file:/home/ubuntu/co-pro-0.0.1-SNAPSHOT.jar!/BOOT-INF/lib/spring-boot-3.1.4.jar!/org/springframework/boot/logging/logback/defaults.xml] to configuration watch list.
00:18:47,163 |-INFO in ch.qos.logback.core.joran.spi.ConfigurationWatchList@68bbe345 - URL [jar:file:/home/ubuntu/co-pro-0.0.1-SNAPSHOT.jar!/BOOT-INF/lib/spring-boot-3.1.4.jar!/org/springframework/boot/logging/logback/defaults.xml] is not of type file
00:18:47,177 |-INFO in ch.qos.logback.core.joran.action.ConversionRuleAction - registering conversion word clr with class [org.springframework.boot.logging.logback.ColorConverter]
00:18:47,177 |-INFO in ch.qos.logback.core.joran.action.ConversionRuleAction - registering conversion word wex with class [org.springframework.boot.logging.logback.WhitespaceThrowableProxyConverter]
00:18:47,177 |-INFO in ch.qos.logback.core.joran.action.ConversionRuleAction - registering conversion word wEx with class [org.springframework.boot.logging.logback.ExtendedWhitespaceThrowableProxyConverter]
00:18:47,414 |-WARN in ch.qos.logback.core.model.processor.ImplicitModelHandler - Ignoring unknown property [springProperty] in [ch.qos.logback.classic.LoggerContext]
00:18:47,419 |-INFO in ch.qos.logback.classic.model.processor.LoggerModelHandler - Setting level of logger [org.apache.catalina.startup.DigesterFactory] to ERROR
00:18:47,419 |-INFO in ch.qos.logback.classic.model.processor.LoggerModelHandler - Setting level of logger [org.apache.catalina.util.LifecycleBase] to ERROR
00:18:47,419 |-INFO in ch.qos.logback.classic.model.processor.LoggerModelHandler - Setting level of logger [org.apache.coyote.http11.Http11NioProtocol] to WARN
00:18:47,419 |-INFO in ch.qos.logback.classic.model.processor.LoggerModelHandler - Setting level of logger [org.apache.sshd.common.util.SecurityUtils] to WARN
00:18:47,419 |-INFO in ch.qos.logback.classic.model.processor.LoggerModelHandler - Setting level of logger [org.apache.tomcat.util.net.NioSelectorPool] to WARN
00:18:47,419 |-INFO in ch.qos.logback.classic.model.processor.LoggerModelHandler - Setting level of logger [org.eclipse.jetty.util.component.AbstractLifeCycle] to ERROR
00:18:47,419 |-INFO in ch.qos.logback.classic.model.processor.LoggerModelHandler - Setting level of logger [org.hibernate.validator.internal.util.Version] to WARN
00:18:47,419 |-INFO in ch.qos.logback.classic.model.processor.LoggerModelHandler - Setting level of logger [org.springframework.boot.actuate.endpoint.jmx] to WARN
00:18:47,420 |-INFO in ch.qos.logback.core.model.processor.AppenderModelHandler - Processing appender named [SLACK]
00:18:47,422 |-INFO in ch.qos.logback.core.model.processor.AppenderModelHandler - About to instantiate appender of type [com.github.maricn.logback.SlackAppender]
00:18:47,496 |-WARN in ch.qos.logback.core.model.processor.ImplicitModelHandler - Ignoring unknown property [avatarUrl] in [com.github.maricn.logback.SlackAppender]
00:18:47,496 |-WARN in ch.qos.logback.core.model.processor.ImplicitModelHandler - Ignoring unknown property [tts] in [com.github.maricn.logback.SlackAppender]
00:18:47,496 |-INFO in ch.qos.logback.core.model.processor.AppenderModelHandler - Processing appender named [Console]
00:18:47,496 |-INFO in ch.qos.logback.core.model.processor.AppenderModelHandler - About to instantiate appender of type [ch.qos.logback.core.ConsoleAppender]
00:18:47,500 |-INFO in ch.qos.logback.core.model.processor.ImplicitModelHandler - Assuming default type [ch.qos.logback.classic.encoder.PatternLayoutEncoder] for [encoder] property
00:18:47,505 |-INFO in ch.qos.logback.core.model.processor.AppenderModelHandler - Processing appender named [ASYNC_SLACK]
00:18:47,505 |-INFO in ch.qos.logback.core.model.processor.AppenderModelHandler - About to instantiate appender of type [ch.qos.logback.classic.AsyncAppender]
00:18:47,510 |-INFO in ch.qos.logback.core.model.processor.AppenderRefModelHandler - Attaching appender named [SLACK] to ch.qos.logback.classic.AsyncAppender[ASYNC_SLACK]
00:18:47,510 |-INFO in ch.qos.logback.classic.AsyncAppender[ASYNC_SLACK] - Attaching appender named [SLACK] to AsyncAppender.
00:18:47,515 |-INFO in ch.qos.logback.classic.AsyncAppender[ASYNC_SLACK] - Setting discardingThreshold to 51
00:18:47,516 |-INFO in ch.qos.logback.classic.model.processor.RootLoggerModelHandler - Setting level of ROOT logger to INFO
00:18:47,516 |-INFO in ch.qos.logback.core.model.processor.AppenderRefModelHandler - Attaching appender named [ASYNC_SLACK] to Logger[ROOT]
00:18:47,516 |-INFO in ch.qos.logback.core.model.processor.AppenderRefModelHandler - Attaching appender named [Console] to Logger[ROOT]
00:18:47,516 |-INFO in ch.qos.logback.core.model.processor.DefaultProcessor@7494e528 - End of configuration.
00:18:47,517 |-INFO in ch.qos.logback.classic.joran.JoranConfigurator@4bbfb90a - Registering current configuration as safe fallback point
00:18:47,517 |-INFO in ch.qos.logback.classic.util.ContextInitializer@a7e666 - ch.qos.logback.classic.util.DefaultJoranConfigurator.configure() call lasted 631 milliseconds. ExecutionStatus=DO_NOT_INVOKE_NEXT_IF_ANY

00:18:46,744 |-INFO in ch.qos.logback.classic.LoggerContext[default] - This is logback-classic version 1.4.11
00:18:46,770 |-INFO in ch.qos.logback.classic.util.ContextInitializer@a7e666 - Here is a list of configurators discovered as a service, by rank: 
00:18:46,771 |-INFO in ch.qos.logback.classic.util.ContextInitializer@a7e666 -   org.springframework.boot.logging.logback.RootLogLevelConfigurator
00:18:46,771 |-INFO in ch.qos.logback.classic.util.ContextInitializer@a7e666 - They will be invoked in order until ExecutionStatus.DO_NOT_INVOKE_NEXT_IF_ANY is returned.
00:18:46,771 |-INFO in ch.qos.logback.classic.util.ContextInitializer@a7e666 - Constructed configurator of type class org.springframework.boot.logging.logback.RootLogLevelConfigurator
00:18:46,796 |-INFO in ch.qos.logback.classic.util.ContextInitializer@a7e666 - org.springframework.boot.logging.logback.RootLogLevelConfigurator.configure() call lasted 1 milliseconds. ExecutionStatus=INVOKE_NEXT_IF_ANY
00:18:46,796 |-INFO in ch.qos.logback.classic.util.ContextInitializer@a7e666 - Trying to configure with ch.qos.logback.classic.joran.SerializedModelConfigurator
00:18:46,800 |-INFO in ch.qos.logback.classic.util.ContextInitializer@a7e666 - Constructed configurator of type class ch.qos.logback.classic.joran.SerializedModelConfigurator
00:18:46,882 |-INFO in ch.qos.logback.classic.LoggerContext[default] - Could NOT find resource [logback-test.scmo]
00:18:46,885 |-INFO in ch.qos.logback.classic.LoggerContext[default] - Could NOT find resource [logback.scmo]
00:18:46,885 |-INFO in ch.qos.logback.classic.util.ContextInitializer@a7e666 - ch.qos.logback.classic.joran.SerializedModelConfigurator.configure() call lasted 85 milliseconds. ExecutionStatus=INVOKE_NEXT_IF_ANY
00:18:46,885 |-INFO in ch.qos.logback.classic.util.ContextInitializer@a7e666 - Trying to configure with ch.qos.logback.classic.util.DefaultJoranConfigurator
00:18:46,886 |-INFO in ch.qos.logback.classic.util.ContextInitializer@a7e666 - Constructed configurator of type class ch.qos.logback.classic.util.DefaultJoranConfigurator
00:18:46,890 |-INFO in ch.qos.logback.classic.LoggerContext[default] - Could NOT find resource [logback-test.xml]
00:18:46,894 |-INFO in ch.qos.logback.classic.LoggerContext[default] - Found resource [logback.xml] at [jar:file:/home/ubuntu/co-pro-0.0.1-SNAPSHOT.jar!/BOOT-INF/classes!/logback.xml]
00:18:46,928 |-INFO in ch.qos.logback.core.joran.spi.ConfigurationWatchList@68bbe345 - URL [jar:file:/home/ubuntu/co-pro-0.0.1-SNAPSHOT.jar!/BOOT-INF/classes!/logback.xml] is not of type file
00:18:47,163 |-INFO in ch.qos.logback.core.joran.util.ConfigurationWatchListUtil@30b8a058 - Adding [jar:file:/home/ubuntu/co-pro-0.0.1-SNAPSHOT.jar!/BOOT-INF/lib/spring-boot-3.1.4.jar!/org/springframework/boot/logging/logback/defaults.xml] to configuration watch list.
00:18:47,163 |-INFO in ch.qos.logback.core.joran.spi.ConfigurationWatchList@68bbe345 - URL [jar:file:/home/ubuntu/co-pro-0.0.1-SNAPSHOT.jar!/BOOT-INF/lib/spring-boot-3.1.4.jar!/org/springframework/boot/logging/logback/defaults.xml] is not of type file
00:18:47,177 |-INFO in ch.qos.logback.core.joran.action.ConversionRuleAction - registering conversion word clr with class [org.springframework.boot.logging.logback.ColorConverter]
00:18:47,177 |-INFO in ch.qos.logback.core.joran.action.ConversionRuleAction - registering conversion word wex with class [org.springframework.boot.logging.logback.WhitespaceThrowableProxyConverter]
00:18:47,177 |-INFO in ch.qos.logback.core.joran.action.ConversionRuleAction - registering conversion word wEx with class [org.springframework.boot.logging.logback.ExtendedWhitespaceThrowableProxyConverter]
00:18:47,414 |-WARN in ch.qos.logback.core.model.processor.ImplicitModelHandler - Ignoring unknown property [springProperty] in [ch.qos.logback.classic.LoggerContext]
00:18:47,419 |-INFO in ch.qos.logback.classic.model.processor.LoggerModelHandler - Setting level of logger [org.apache.catalina.startup.DigesterFactory] to ERROR
00:18:47,419 |-INFO in ch.qos.logback.classic.model.processor.LoggerModelHandler - Setting level of logger [org.apache.catalina.util.LifecycleBase] to ERROR
00:18:47,419 |-INFO in ch.qos.logback.classic.model.processor.LoggerModelHandler - Setting level of logger [org.apache.coyote.http11.Http11NioProtocol] to WARN
00:18:47,419 |-INFO in ch.qos.logback.classic.model.processor.LoggerModelHandler - Setting level of logger [org.apache.sshd.common.util.SecurityUtils] to WARN
00:18:47,419 |-INFO in ch.qos.logback.classic.model.processor.LoggerModelHandler - Setting level of logger [org.apache.tomcat.util.net.NioSelectorPool] to WARN
00:18:47,419 |-INFO in ch.qos.logback.classic.model.processor.LoggerModelHandler - Setting level of logger [org.eclipse.jetty.util.component.AbstractLifeCycle] to ERROR
00:18:47,419 |-INFO in ch.qos.logback.classic.model.processor.LoggerModelHandler - Setting level of logger [org.hibernate.validator.internal.util.Version] to WARN
00:18:47,419 |-INFO in ch.qos.logback.classic.model.processor.LoggerModelHandler - Setting level of logger [org.springframework.boot.actuate.endpoint.jmx] to WARN
00:18:47,420 |-INFO in ch.qos.logback.core.model.processor.AppenderModelHandler - Processing appender named [SLACK]
00:18:47,422 |-INFO in ch.qos.logback.core.model.processor.AppenderModelHandler - About to instantiate appender of type [com.github.maricn.logback.SlackAppender]
00:18:47,496 |-WARN in ch.qos.logback.core.model.processor.ImplicitModelHandler - Ignoring unknown property [avatarUrl] in [com.github.maricn.logback.SlackAppender]
00:18:47,496 |-WARN in ch.qos.logback.core.model.processor.ImplicitModelHandler - Ignoring unknown property [tts] in [com.github.maricn.logback.SlackAppender]
00:18:47,496 |-INFO in ch.qos.logback.core.model.processor.AppenderModelHandler - Processing appender named [Console]
00:18:47,496 |-INFO in ch.qos.logback.core.model.processor.AppenderModelHandler - About to instantiate appender of type [ch.qos.logback.core.ConsoleAppender]
00:18:47,500 |-INFO in ch.qos.logback.core.model.processor.ImplicitModelHandler - Assuming default type [ch.qos.logback.classic.encoder.PatternLayoutEncoder] for [encoder] property
00:18:47,505 |-INFO in ch.qos.logback.core.model.processor.AppenderModelHandler - Processing appender named [ASYNC_SLACK]
00:18:47,505 |-INFO in ch.qos.logback.core.model.processor.AppenderModelHandler - About to instantiate appender of type [ch.qos.logback.classic.AsyncAppender]
00:18:47,510 |-INFO in ch.qos.logback.core.model.processor.AppenderRefModelHandler - Attaching appender named [SLACK] to ch.qos.logback.classic.AsyncAppender[ASYNC_SLACK]
00:18:47,510 |-INFO in ch.qos.logback.classic.AsyncAppender[ASYNC_SLACK] - Attaching appender named [SLACK] to AsyncAppender.
00:18:47,515 |-INFO in ch.qos.logback.classic.AsyncAppender[ASYNC_SLACK] - Setting discardingThreshold to 51
00:18:47,516 |-INFO in ch.qos.logback.classic.model.processor.RootLoggerModelHandler - Setting level of ROOT logger to INFO
00:18:47,516 |-INFO in ch.qos.logback.core.model.processor.AppenderRefModelHandler - Attaching appender named [ASYNC_SLACK] to Logger[ROOT]
00:18:47,516 |-INFO in ch.qos.logback.core.model.processor.AppenderRefModelHandler - Attaching appender named [Console] to Logger[ROOT]
00:18:47,516 |-INFO in ch.qos.logback.core.model.processor.DefaultProcessor@7494e528 - End of configuration.
00:18:47,517 |-INFO in ch.qos.logback.classic.joran.JoranConfigurator@4bbfb90a - Registering current configuration as safe fallback point
00:18:47,517 |-INFO in ch.qos.logback.classic.util.ContextInitializer@a7e666 - ch.qos.logback.classic.util.DefaultJoranConfigurator.configure() call lasted 631 milliseconds. ExecutionStatus=DO_NOT_INVOKE_NEXT_IF_ANY
00:18:48,349 |-INFO in ch.qos.logback.classic.AsyncAppender[ASYNC_SLACK] - Worker thread will flush remaining events before exiting. 
00:18:48,350 |-INFO in ch.qos.logback.classic.AsyncAppender[ASYNC_SLACK] - Queue flush finished successfully within timeout.
00:18:48,356 |-INFO in ch.qos.logback.core.joran.spi.ConfigurationWatchList@ae13544 - URL [jar:file:/home/ubuntu/co-pro-0.0.1-SNAPSHOT.jar!/BOOT-INF/classes!/logback.xml] is not of type file
00:18:48,362 |-INFO in ch.qos.logback.core.joran.util.ConfigurationWatchListUtil@30b8a058 - Adding [jar:file:/home/ubuntu/co-pro-0.0.1-SNAPSHOT.jar!/BOOT-INF/lib/spring-boot-3.1.4.jar!/org/springframework/boot/logging/logback/defaults.xml] to configuration watch list.
00:18:48,362 |-INFO in ch.qos.logback.core.joran.spi.ConfigurationWatchList@ae13544 - URL [jar:file:/home/ubuntu/co-pro-0.0.1-SNAPSHOT.jar!/BOOT-INF/lib/spring-boot-3.1.4.jar!/org/springframework/boot/logging/logback/defaults.xml] is not of type file
00:18:48,365 |-INFO in ch.qos.logback.core.joran.action.ConversionRuleAction - registering conversion word clr with class [org.springframework.boot.logging.logback.ColorConverter]
00:18:48,365 |-INFO in ch.qos.logback.core.joran.action.ConversionRuleAction - registering conversion word wex with class [org.springframework.boot.logging.logback.WhitespaceThrowableProxyConverter]
00:18:48,365 |-INFO in ch.qos.logback.core.joran.action.ConversionRuleAction - registering conversion word wEx with class [org.springframework.boot.logging.logback.ExtendedWhitespaceThrowableProxyConverter]
00:18:48,372 |-INFO in ch.qos.logback.classic.model.processor.LoggerModelHandler - Setting level of logger [org.apache.catalina.startup.DigesterFactory] to ERROR
00:18:48,372 |-INFO in ch.qos.logback.classic.jul.LevelChangePropagator@3d34d211 - Propagating ERROR level on Logger[org.apache.catalina.startup.DigesterFactory] onto the JUL framework
00:18:48,373 |-INFO in ch.qos.logback.classic.model.processor.LoggerModelHandler - Setting level of logger [org.apache.catalina.util.LifecycleBase] to ERROR
00:18:48,373 |-INFO in ch.qos.logback.classic.jul.LevelChangePropagator@3d34d211 - Propagating ERROR level on Logger[org.apache.catalina.util.LifecycleBase] onto the JUL framework
00:18:48,373 |-INFO in ch.qos.logback.classic.model.processor.LoggerModelHandler - Setting level of logger [org.apache.coyote.http11.Http11NioProtocol] to WARN
00:18:48,373 |-INFO in ch.qos.logback.classic.jul.LevelChangePropagator@3d34d211 - Propagating WARN level on Logger[org.apache.coyote.http11.Http11NioProtocol] onto the JUL framework
00:18:48,373 |-INFO in ch.qos.logback.classic.model.processor.LoggerModelHandler - Setting level of logger [org.apache.sshd.common.util.SecurityUtils] to WARN
00:18:48,373 |-INFO in ch.qos.logback.classic.jul.LevelChangePropagator@3d34d211 - Propagating WARN level on Logger[org.apache.sshd.common.util.SecurityUtils] onto the JUL framework
00:18:48,373 |-INFO in ch.qos.logback.classic.model.processor.LoggerModelHandler - Setting level of logger [org.apache.tomcat.util.net.NioSelectorPool] to WARN
00:18:48,373 |-INFO in ch.qos.logback.classic.jul.LevelChangePropagator@3d34d211 - Propagating WARN level on Logger[org.apache.tomcat.util.net.NioSelectorPool] onto the JUL framework
00:18:48,373 |-INFO in ch.qos.logback.classic.model.processor.LoggerModelHandler - Setting level of logger [org.eclipse.jetty.util.component.AbstractLifeCycle] to ERROR
00:18:48,373 |-INFO in ch.qos.logback.classic.jul.LevelChangePropagator@3d34d211 - Propagating ERROR level on Logger[org.eclipse.jetty.util.component.AbstractLifeCycle] onto the JUL framework
00:18:48,373 |-INFO in ch.qos.logback.classic.model.processor.LoggerModelHandler - Setting level of logger [org.hibernate.validator.internal.util.Version] to WARN
00:18:48,373 |-INFO in ch.qos.logback.classic.jul.LevelChangePropagator@3d34d211 - Propagating WARN level on Logger[org.hibernate.validator.internal.util.Version] onto the JUL framework
00:18:48,373 |-INFO in ch.qos.logback.classic.model.processor.LoggerModelHandler - Setting level of logger [org.springframework.boot.actuate.endpoint.jmx] to WARN
00:18:48,373 |-INFO in ch.qos.logback.classic.jul.LevelChangePropagator@3d34d211 - Propagating WARN level on Logger[org.springframework.boot.actuate.endpoint.jmx] onto the JUL framework
00:18:48,373 |-INFO in ch.qos.logback.core.model.processor.AppenderModelHandler - Processing appender named [SLACK]
00:18:48,373 |-INFO in ch.qos.logback.core.model.processor.AppenderModelHandler - About to instantiate appender of type [com.github.maricn.logback.SlackAppender]
00:18:48,375 |-WARN in ch.qos.logback.core.model.processor.ImplicitModelHandler - Ignoring unknown property [avatarUrl] in [com.github.maricn.logback.SlackAppender]
00:18:48,375 |-WARN in ch.qos.logback.core.model.processor.ImplicitModelHandler - Ignoring unknown property [tts] in [com.github.maricn.logback.SlackAppender]
00:18:48,375 |-INFO in ch.qos.logback.core.model.processor.AppenderModelHandler - Processing appender named [Console]
00:18:48,375 |-INFO in ch.qos.logback.core.model.processor.AppenderModelHandler - About to instantiate appender of type [ch.qos.logback.core.ConsoleAppender]
00:18:48,375 |-INFO in ch.qos.logback.core.model.processor.ImplicitModelHandler - Assuming default type [ch.qos.logback.classic.encoder.PatternLayoutEncoder] for [encoder] property
00:18:48,376 |-INFO in ch.qos.logback.core.model.processor.AppenderModelHandler - Processing appender named [ASYNC_SLACK]
00:18:48,376 |-INFO in ch.qos.logback.core.model.processor.AppenderModelHandler - About to instantiate appender of type [ch.qos.logback.classic.AsyncAppender]
00:18:48,376 |-INFO in ch.qos.logback.core.model.processor.AppenderRefModelHandler - Attaching appender named [SLACK] to ch.qos.logback.classic.AsyncAppender[ASYNC_SLACK]
00:18:48,376 |-INFO in ch.qos.logback.classic.AsyncAppender[ASYNC_SLACK] - Attaching appender named [SLACK] to AsyncAppender.
00:18:48,377 |-INFO in ch.qos.logback.classic.AsyncAppender[ASYNC_SLACK] - Setting discardingThreshold to 51
00:18:48,377 |-INFO in ch.qos.logback.classic.model.processor.RootLoggerModelHandler - Setting level of ROOT logger to INFO
00:18:48,377 |-INFO in ch.qos.logback.classic.jul.LevelChangePropagator@3d34d211 - Propagating INFO level on Logger[ROOT] onto the JUL framework
00:18:48,377 |-INFO in ch.qos.logback.core.model.processor.AppenderRefModelHandler - Attaching appender named [ASYNC_SLACK] to Logger[ROOT]
00:18:48,377 |-INFO in ch.qos.logback.core.model.processor.AppenderRefModelHandler - Attaching appender named [Console] to Logger[ROOT]
00:18:48,377 |-INFO in ch.qos.logback.core.model.processor.DefaultProcessor@7dc0f706 - End of configuration.
00:18:48,377 |-INFO in org.springframework.boot.logging.logback.SpringBootJoranConfigurator@4009e306 - Registering current configuration as safe fallback point


  .   ____          _            __ _ _
 /\\ / ___'_ __ _ _(_)_ __  __ _ \ \ \ \
( ( )\___ | '_ | '_| | '_ \/ _` | \ \ \ \
 \\/  ___)| |_)| | | | | || (_| |  ) ) ) )
  '  |____| .__|_| |_|_| |_\__, | / / / /
 =========|_|==============|___/=/_/_/_/
 :: Spring Boot ::                (v3.1.4)

2024-02-26T00:18:48.619+09:00  INFO 1055 --- [           main] com.example.copro.CoProApplication       : Starting CoProApplication v0.0.1-SNAPSHOT using Java 17.0.9 with PID 1055 (/home/ubuntu/co-pro-0.0.1-SNAPSHOT.jar started by ubuntu in /home/ubuntu)
2024-02-26T00:18:48.633+09:00  INFO 1055 --- [           main] com.example.copro.CoProApplication       : The following 1 profile is active: "prod"
2024-02-26T00:18:51.232+09:00  INFO 1055 --- [           main] .s.d.r.c.RepositoryConfigurationDelegate : Bootstrapping Spring Data JPA repositories in DEFAULT mode.
2024-02-26T00:18:51.423+09:00  INFO 1055 --- [           main] .s.d.r.c.RepositoryConfigurationDelegate : Finished Spring Data repository scanning in 178 ms. Found 10 JPA repository interfaces.
2024-02-26T00:18:53.051+09:00  INFO 1055 --- [           main] o.s.b.w.embedded.tomcat.TomcatWebServer  : Tomcat initialized with port(s): 8091 (http)
2024-02-26T00:18:53.074+09:00  INFO 1055 --- [           main] o.apache.catalina.core.StandardService   : Starting service [Tomcat]
2024-02-26T00:18:53.074+09:00  INFO 1055 --- [           main] o.apache.catalina.core.StandardEngine    : Starting Servlet engine: [Apache Tomcat/10.1.13]
2024-02-26T00:18:53.277+09:00  INFO 1055 --- [           main] o.a.c.c.C.[Tomcat].[localhost].[/]       : Initializing Spring embedded WebApplicationContext
2024-02-26T00:18:53.279+09:00  INFO 1055 --- [           main] w.s.c.ServletWebServerApplicationContext : Root WebApplicationContext: initialization completed in 4504 ms
2024-02-26T00:18:53.500+09:00  INFO 1055 --- [           main] o.hibernate.jpa.internal.util.LogHelper  : HHH000204: Processing PersistenceUnitInfo [name: default]
2024-02-26T00:18:53.678+09:00  INFO 1055 --- [           main] org.hibernate.Version                    : HHH000412: Hibernate ORM core version 6.2.9.Final
2024-02-26T00:18:53.684+09:00  INFO 1055 --- [           main] org.hibernate.cfg.Environment            : HHH000406: Using bytecode reflection optimizer
2024-02-26T00:18:53.949+09:00 DEBUG 1055 --- [           main] org.hibernate.type.BasicTypeRegistry     : Adding type registration boolean -> org.hibernate.type.BasicTypeReference@4a03bb68
2024-02-26T00:18:53.950+09:00 DEBUG 1055 --- [           main] org.hibernate.type.BasicTypeRegistry     : Adding type registration boolean -> org.hibernate.type.BasicTypeReference@4a03bb68
2024-02-26T00:18:53.950+09:00 DEBUG 1055 --- [           main] org.hibernate.type.BasicTypeRegistry     : Adding type registration java.lang.Boolean -> org.hibernate.type.BasicTypeReference@4a03bb68
2024-02-26T00:18:53.951+09:00 DEBUG 1055 --- [           main] org.hibernate.type.BasicTypeRegistry     : Adding type registration numeric_boolean -> org.hibernate.type.BasicTypeReference@4e868ef5
2024-02-26T00:18:53.955+09:00 DEBUG 1055 --- [           main] org.hibernate.type.BasicTypeRegistry     : Adding type registration org.hibernate.type.NumericBooleanConverter -> org.hibernate.type.BasicTypeReference@4e868ef5
2024-02-26T00:18:53.955+09:00 DEBUG 1055 --- [           main] org.hibernate.type.BasicTypeRegistry     : Adding type registration true_false -> org.hibernate.type.BasicTypeReference@71c905a3
2024-02-26T00:18:53.955+09:00 DEBUG 1055 --- [           main] org.hibernate.type.BasicTypeRegistry     : Adding type registration org.hibernate.type.TrueFalseConverter -> org.hibernate.type.BasicTypeReference@71c905a3
2024-02-26T00:18:53.955+09:00 DEBUG 1055 --- [           main] org.hibernate.type.BasicTypeRegistry     : Adding type registration yes_no -> org.hibernate.type.BasicTypeReference@30af7377
2024-02-26T00:18:53.955+09:00 DEBUG 1055 --- [           main] org.hibernate.type.BasicTypeRegistry     : Adding type registration org.hibernate.type.YesNoConverter -> org.hibernate.type.BasicTypeReference@30af7377
2024-02-26T00:18:53.955+09:00 DEBUG 1055 --- [           main] org.hibernate.type.BasicTypeRegistry     : Adding type registration byte -> org.hibernate.type.BasicTypeReference@67a056f1
2024-02-26T00:18:53.955+09:00 DEBUG 1055 --- [           main] org.hibernate.type.BasicTypeRegistry     : Adding type registration byte -> org.hibernate.type.BasicTypeReference@67a056f1
2024-02-26T00:18:53.956+09:00 DEBUG 1055 --- [           main] org.hibernate.type.BasicTypeRegistry     : Adding type registration java.lang.Byte -> org.hibernate.type.BasicTypeReference@67a056f1
2024-02-26T00:18:53.957+09:00 DEBUG 1055 --- [           main] org.hibernate.type.BasicTypeRegistry     : Adding type registration binary -> org.hibernate.type.BasicTypeReference@1dab9dd6
2024-02-26T00:18:53.957+09:00 DEBUG 1055 --- [           main] org.hibernate.type.BasicTypeRegistry     : Adding type registration byte[] -> org.hibernate.type.BasicTypeReference@1dab9dd6
2024-02-26T00:18:53.957+09:00 DEBUG 1055 --- [           main] org.hibernate.type.BasicTypeRegistry     : Adding type registration [B -> org.hibernate.type.BasicTypeReference@1dab9dd6
2024-02-26T00:18:53.957+09:00 DEBUG 1055 --- [           main] org.hibernate.type.BasicTypeRegistry     : Adding type registration binary_wrapper -> org.hibernate.type.BasicTypeReference@afb5821
2024-02-26T00:18:53.957+09:00 DEBUG 1055 --- [           main] org.hibernate.type.BasicTypeRegistry     : Adding type registration wrapper-binary -> org.hibernate.type.BasicTypeReference@afb5821
2024-02-26T00:18:53.957+09:00 DEBUG 1055 --- [           main] org.hibernate.type.BasicTypeRegistry     : Adding type registration image -> org.hibernate.type.BasicTypeReference@4bff2185
2024-02-26T00:18:53.957+09:00 DEBUG 1055 --- [           main] org.hibernate.type.BasicTypeRegistry     : Adding type registration blob -> org.hibernate.type.BasicTypeReference@5c20ffa8
2024-02-26T00:18:53.957+09:00 DEBUG 1055 --- [           main] org.hibernate.type.BasicTypeRegistry     : Adding type registration java.sql.Blob -> org.hibernate.type.BasicTypeReference@5c20ffa8
2024-02-26T00:18:53.958+09:00 DEBUG 1055 --- [           main] org.hibernate.type.BasicTypeRegistry     : Adding type registration materialized_blob -> org.hibernate.type.BasicTypeReference@7fedfe27
2024-02-26T00:18:53.958+09:00 DEBUG 1055 --- [           main] org.hibernate.type.BasicTypeRegistry     : Adding type registration materialized_blob_wrapper -> org.hibernate.type.BasicTypeReference@2f879bab
2024-02-26T00:18:53.958+09:00 DEBUG 1055 --- [           main] org.hibernate.type.BasicTypeRegistry     : Adding type registration short -> org.hibernate.type.BasicTypeReference@1d4664d7
2024-02-26T00:18:53.958+09:00 DEBUG 1055 --- [           main] org.hibernate.type.BasicTypeRegistry     : Adding type registration short -> org.hibernate.type.BasicTypeReference@1d4664d7
2024-02-26T00:18:53.958+09:00 DEBUG 1055 --- [           main] org.hibernate.type.BasicTypeRegistry     : Adding type registration java.lang.Short -> org.hibernate.type.BasicTypeReference@1d4664d7
2024-02-26T00:18:53.958+09:00 DEBUG 1055 --- [           main] org.hibernate.type.BasicTypeRegistry     : Adding type registration integer -> org.hibernate.type.BasicTypeReference@46c00568
2024-02-26T00:18:53.958+09:00 DEBUG 1055 --- [           main] org.hibernate.type.BasicTypeRegistry     : Adding type registration int -> org.hibernate.type.BasicTypeReference@46c00568
2024-02-26T00:18:53.958+09:00 DEBUG 1055 --- [           main] org.hibernate.type.BasicTypeRegistry     : Adding type registration java.lang.Integer -> org.hibernate.type.BasicTypeReference@46c00568
2024-02-26T00:18:53.961+09:00 DEBUG 1055 --- [           main] org.hibernate.type.BasicTypeRegistry     : Adding type registration long -> org.hibernate.type.BasicTypeReference@56ccd751
2024-02-26T00:18:53.961+09:00 DEBUG 1055 --- [           main] org.hibernate.type.BasicTypeRegistry     : Adding type registration long -> org.hibernate.type.BasicTypeReference@56ccd751
2024-02-26T00:18:53.961+09:00 DEBUG 1055 --- [           main] org.hibernate.type.BasicTypeRegistry     : Adding type registration java.lang.Long -> org.hibernate.type.BasicTypeReference@56ccd751
2024-02-26T00:18:53.962+09:00 DEBUG 1055 --- [           main] org.hibernate.type.BasicTypeRegistry     : Adding type registration float -> org.hibernate.type.BasicTypeReference@458544e0
2024-02-26T00:18:53.962+09:00 DEBUG 1055 --- [           main] org.hibernate.type.BasicTypeRegistry     : Adding type registration float -> org.hibernate.type.BasicTypeReference@458544e0
2024-02-26T00:18:53.962+09:00 DEBUG 1055 --- [           main] org.hibernate.type.BasicTypeRegistry     : Adding type registration java.lang.Float -> org.hibernate.type.BasicTypeReference@458544e0
2024-02-26T00:18:53.962+09:00 DEBUG 1055 --- [           main] org.hibernate.type.BasicTypeRegistry     : Adding type registration double -> org.hibernate.type.BasicTypeReference@6bcbf05b
2024-02-26T00:18:53.962+09:00 DEBUG 1055 --- [           main] org.hibernate.type.BasicTypeRegistry     : Adding type registration double -> org.hibernate.type.BasicTypeReference@6bcbf05b
2024-02-26T00:18:53.962+09:00 DEBUG 1055 --- [           main] org.hibernate.type.BasicTypeRegistry     : Adding type registration java.lang.Double -> org.hibernate.type.BasicTypeReference@6bcbf05b
2024-02-26T00:18:53.963+09:00 DEBUG 1055 --- [           main] org.hibernate.type.BasicTypeRegistry     : Adding type registration big_integer -> org.hibernate.type.BasicTypeReference@2d66530f
2024-02-26T00:18:53.963+09:00 DEBUG 1055 --- [           main] org.hibernate.type.BasicTypeRegistry     : Adding type registration java.math.BigInteger -> org.hibernate.type.BasicTypeReference@2d66530f
2024-02-26T00:18:53.963+09:00 DEBUG 1055 --- [           main] org.hibernate.type.BasicTypeRegistry     : Adding type registration big_decimal -> org.hibernate.type.BasicTypeReference@1d207fad
2024-02-26T00:18:53.963+09:00 DEBUG 1055 --- [           main] org.hibernate.type.BasicTypeRegistry     : Adding type registration java.math.BigDecimal -> org.hibernate.type.BasicTypeReference@1d207fad
2024-02-26T00:18:53.964+09:00 DEBUG 1055 --- [           main] org.hibernate.type.BasicTypeRegistry     : Adding type registration character -> org.hibernate.type.BasicTypeReference@72ed9aad
2024-02-26T00:18:53.965+09:00 DEBUG 1055 --- [           main] org.hibernate.type.BasicTypeRegistry     : Adding type registration char -> org.hibernate.type.BasicTypeReference@72ed9aad
2024-02-26T00:18:53.966+09:00 DEBUG 1055 --- [           main] org.hibernate.type.BasicTypeRegistry     : Adding type registration java.lang.Character -> org.hibernate.type.BasicTypeReference@72ed9aad
2024-02-26T00:18:53.966+09:00 DEBUG 1055 --- [           main] org.hibernate.type.BasicTypeRegistry     : Adding type registration character_nchar -> org.hibernate.type.BasicTypeReference@4690f583
2024-02-26T00:18:53.966+09:00 DEBUG 1055 --- [           main] org.hibernate.type.BasicTypeRegistry     : Adding type registration string -> org.hibernate.type.BasicTypeReference@59712875
2024-02-26T00:18:53.966+09:00 DEBUG 1055 --- [           main] org.hibernate.type.BasicTypeRegistry     : Adding type registration java.lang.String -> org.hibernate.type.BasicTypeReference@59712875
2024-02-26T00:18:53.966+09:00 DEBUG 1055 --- [           main] org.hibernate.type.BasicTypeRegistry     : Adding type registration nstring -> org.hibernate.type.BasicTypeReference@47b2e9e1
2024-02-26T00:18:53.967+09:00 DEBUG 1055 --- [           main] org.hibernate.type.BasicTypeRegistry     : Adding type registration characters -> org.hibernate.type.BasicTypeReference@59942b48
2024-02-26T00:18:53.967+09:00 DEBUG 1055 --- [           main] org.hibernate.type.BasicTypeRegistry     : Adding type registration char[] -> org.hibernate.type.BasicTypeReference@59942b48
2024-02-26T00:18:53.967+09:00 DEBUG 1055 --- [           main] org.hibernate.type.BasicTypeRegistry     : Adding type registration [C -> org.hibernate.type.BasicTypeReference@59942b48
2024-02-26T00:18:53.967+09:00 DEBUG 1055 --- [           main] org.hibernate.type.BasicTypeRegistry     : Adding type registration wrapper-characters -> org.hibernate.type.BasicTypeReference@1869f114
2024-02-26T00:18:53.968+09:00 DEBUG 1055 --- [           main] org.hibernate.type.BasicTypeRegistry     : Adding type registration text -> org.hibernate.type.BasicTypeReference@488b50ec
2024-02-26T00:18:53.969+09:00 DEBUG 1055 --- [           main] org.hibernate.type.BasicTypeRegistry     : Adding type registration ntext -> org.hibernate.type.BasicTypeReference@18a645fd
2024-02-26T00:18:53.969+09:00 DEBUG 1055 --- [           main] org.hibernate.type.BasicTypeRegistry     : Adding type registration clob -> org.hibernate.type.BasicTypeReference@6090f3ca
2024-02-26T00:18:53.969+09:00 DEBUG 1055 --- [           main] org.hibernate.type.BasicTypeRegistry     : Adding type registration java.sql.Clob -> org.hibernate.type.BasicTypeReference@6090f3ca
2024-02-26T00:18:53.970+09:00 DEBUG 1055 --- [           main] org.hibernate.type.BasicTypeRegistry     : Adding type registration nclob -> org.hibernate.type.BasicTypeReference@37a64f9d
2024-02-26T00:18:53.971+09:00 DEBUG 1055 --- [           main] org.hibernate.type.BasicTypeRegistry     : Adding type registration java.sql.NClob -> org.hibernate.type.BasicTypeReference@37a64f9d
2024-02-26T00:18:53.971+09:00 DEBUG 1055 --- [           main] org.hibernate.type.BasicTypeRegistry     : Adding type registration materialized_clob -> org.hibernate.type.BasicTypeReference@25b865b5
2024-02-26T00:18:53.971+09:00 DEBUG 1055 --- [           main] org.hibernate.type.BasicTypeRegistry     : Adding type registration materialized_clob_char_array -> org.hibernate.type.BasicTypeReference@f9b5552
2024-02-26T00:18:53.971+09:00 DEBUG 1055 --- [           main] org.hibernate.type.BasicTypeRegistry     : Adding type registration materialized_clob_character_array -> org.hibernate.type.BasicTypeReference@6872f9c8
2024-02-26T00:18:53.973+09:00 DEBUG 1055 --- [           main] org.hibernate.type.BasicTypeRegistry     : Adding type registration materialized_nclob -> org.hibernate.type.BasicTypeReference@6d2d99fc
2024-02-26T00:18:53.973+09:00 DEBUG 1055 --- [           main] org.hibernate.type.BasicTypeRegistry     : Adding type registration materialized_nclob_character_array -> org.hibernate.type.BasicTypeReference@bdecc21
2024-02-26T00:18:53.973+09:00 DEBUG 1055 --- [           main] org.hibernate.type.BasicTypeRegistry     : Adding type registration materialized_nclob_char_array -> org.hibernate.type.BasicTypeReference@5e3a39cd
2024-02-26T00:18:53.973+09:00 DEBUG 1055 --- [           main] org.hibernate.type.BasicTypeRegistry     : Adding type registration Duration -> org.hibernate.type.BasicTypeReference@21f9277b
2024-02-26T00:18:53.973+09:00 DEBUG 1055 --- [           main] org.hibernate.type.BasicTypeRegistry     : Adding type registration java.time.Duration -> org.hibernate.type.BasicTypeReference@21f9277b
2024-02-26T00:18:53.974+09:00 DEBUG 1055 --- [           main] org.hibernate.type.BasicTypeRegistry     : Adding type registration LocalDateTime -> org.hibernate.type.BasicTypeReference@201aa8c1
2024-02-26T00:18:53.974+09:00 DEBUG 1055 --- [           main] org.hibernate.type.BasicTypeRegistry     : Adding type registration java.time.LocalDateTime -> org.hibernate.type.BasicTypeReference@201aa8c1
2024-02-26T00:18:53.974+09:00 DEBUG 1055 --- [           main] org.hibernate.type.BasicTypeRegistry     : Adding type registration LocalDate -> org.hibernate.type.BasicTypeReference@5d58c727
2024-02-26T00:18:53.974+09:00 DEBUG 1055 --- [           main] org.hibernate.type.BasicTypeRegistry     : Adding type registration java.time.LocalDate -> org.hibernate.type.BasicTypeReference@5d58c727
2024-02-26T00:18:53.974+09:00 DEBUG 1055 --- [           main] org.hibernate.type.BasicTypeRegistry     : Adding type registration LocalTime -> org.hibernate.type.BasicTypeReference@52a36910
2024-02-26T00:18:53.974+09:00 DEBUG 1055 --- [           main] org.hibernate.type.BasicTypeRegistry     : Adding type registration java.time.LocalTime -> org.hibernate.type.BasicTypeReference@52a36910
2024-02-26T00:18:53.974+09:00 DEBUG 1055 --- [           main] org.hibernate.type.BasicTypeRegistry     : Adding type registration OffsetDateTime -> org.hibernate.type.BasicTypeReference@3a095ec0
2024-02-26T00:18:53.974+09:00 DEBUG 1055 --- [           main] org.hibernate.type.BasicTypeRegistry     : Adding type registration java.time.OffsetDateTime -> org.hibernate.type.BasicTypeReference@3a095ec0
2024-02-26T00:18:53.975+09:00 DEBUG 1055 --- [           main] org.hibernate.type.BasicTypeRegistry     : Adding type registration OffsetDateTimeWithTimezone -> org.hibernate.type.BasicTypeReference@4f20a5e0
2024-02-26T00:18:53.976+09:00 DEBUG 1055 --- [           main] org.hibernate.type.BasicTypeRegistry     : Adding type registration OffsetDateTimeWithoutTimezone -> org.hibernate.type.BasicTypeReference@54da32dc
2024-02-26T00:18:53.976+09:00 DEBUG 1055 --- [           main] org.hibernate.type.BasicTypeRegistry     : Adding type registration OffsetTime -> org.hibernate.type.BasicTypeReference@1d782abe
2024-02-26T00:18:53.976+09:00 DEBUG 1055 --- [           main] org.hibernate.type.BasicTypeRegistry     : Adding type registration java.time.OffsetTime -> org.hibernate.type.BasicTypeReference@1d782abe
2024-02-26T00:18:53.976+09:00 DEBUG 1055 --- [           main] org.hibernate.type.BasicTypeRegistry     : Adding type registration OffsetTimeUtc -> org.hibernate.type.BasicTypeReference@6df7988f
2024-02-26T00:18:53.976+09:00 DEBUG 1055 --- [           main] org.hibernate.type.BasicTypeRegistry     : Adding type registration OffsetTimeWithTimezone -> org.hibernate.type.BasicTypeReference@27b22f74
2024-02-26T00:18:53.976+09:00 DEBUG 1055 --- [           main] org.hibernate.type.BasicTypeRegistry     : Adding type registration OffsetTimeWithoutTimezone -> org.hibernate.type.BasicTypeReference@22fba58c
2024-02-26T00:18:53.976+09:00 DEBUG 1055 --- [           main] org.hibernate.type.BasicTypeRegistry     : Adding type registration ZonedDateTime -> org.hibernate.type.BasicTypeReference@7e8a46b7
2024-02-26T00:18:53.976+09:00 DEBUG 1055 --- [           main] org.hibernate.type.BasicTypeRegistry     : Adding type registration java.time.ZonedDateTime -> org.hibernate.type.BasicTypeReference@7e8a46b7
2024-02-26T00:18:53.976+09:00 DEBUG 1055 --- [           main] org.hibernate.type.BasicTypeRegistry     : Adding type registration ZonedDateTimeWithTimezone -> org.hibernate.type.BasicTypeReference@2fe88a09
2024-02-26T00:18:53.976+09:00 DEBUG 1055 --- [           main] org.hibernate.type.BasicTypeRegistry     : Adding type registration ZonedDateTimeWithoutTimezone -> org.hibernate.type.BasicTypeReference@1917d90f
2024-02-26T00:18:53.976+09:00 DEBUG 1055 --- [           main] org.hibernate.type.BasicTypeRegistry     : Adding type registration date -> org.hibernate.type.BasicTypeReference@66bfd864
2024-02-26T00:18:53.976+09:00 DEBUG 1055 --- [           main] org.hibernate.type.BasicTypeRegistry     : Adding type registration java.sql.Date -> org.hibernate.type.BasicTypeReference@66bfd864
2024-02-26T00:18:53.976+09:00 DEBUG 1055 --- [           main] org.hibernate.type.BasicTypeRegistry     : Adding type registration time -> org.hibernate.type.BasicTypeReference@4aac85fa
2024-02-26T00:18:53.977+09:00 DEBUG 1055 --- [           main] org.hibernate.type.BasicTypeRegistry     : Adding type registration java.sql.Time -> org.hibernate.type.BasicTypeReference@4aac85fa
2024-02-26T00:18:53.977+09:00 DEBUG 1055 --- [           main] org.hibernate.type.BasicTypeRegistry     : Adding type registration timestamp -> org.hibernate.type.BasicTypeReference@21fff664
2024-02-26T00:18:53.977+09:00 DEBUG 1055 --- [           main] org.hibernate.type.BasicTypeRegistry     : Adding type registration java.sql.Timestamp -> org.hibernate.type.BasicTypeReference@21fff664
2024-02-26T00:18:53.977+09:00 DEBUG 1055 --- [           main] org.hibernate.type.BasicTypeRegistry     : Adding type registration java.util.Date -> org.hibernate.type.BasicTypeReference@21fff664
2024-02-26T00:18:53.977+09:00 DEBUG 1055 --- [           main] org.hibernate.type.BasicTypeRegistry     : Adding type registration calendar -> org.hibernate.type.BasicTypeReference@6079cf5
2024-02-26T00:18:53.977+09:00 DEBUG 1055 --- [           main] org.hibernate.type.BasicTypeRegistry     : Adding type registration java.util.Calendar -> org.hibernate.type.BasicTypeReference@6079cf5
2024-02-26T00:18:53.977+09:00 DEBUG 1055 --- [           main] org.hibernate.type.BasicTypeRegistry     : Adding type registration java.util.GregorianCalendar -> org.hibernate.type.BasicTypeReference@6079cf5
2024-02-26T00:18:53.977+09:00 DEBUG 1055 --- [           main] org.hibernate.type.BasicTypeRegistry     : Adding type registration calendar_date -> org.hibernate.type.BasicTypeReference@1e6308a9
2024-02-26T00:18:53.977+09:00 DEBUG 1055 --- [           main] org.hibernate.type.BasicTypeRegistry     : Adding type registration calendar_time -> org.hibernate.type.BasicTypeReference@30cecdca
2024-02-26T00:18:53.977+09:00 DEBUG 1055 --- [           main] org.hibernate.type.BasicTypeRegistry     : Adding type registration instant -> org.hibernate.type.BasicTypeReference@6edc4161
2024-02-26T00:18:53.977+09:00 DEBUG 1055 --- [           main] org.hibernate.type.BasicTypeRegistry     : Adding type registration java.time.Instant -> org.hibernate.type.BasicTypeReference@6edc4161
2024-02-26T00:18:53.977+09:00 DEBUG 1055 --- [           main] org.hibernate.type.BasicTypeRegistry     : Adding type registration uuid -> org.hibernate.type.BasicTypeReference@5486887b
2024-02-26T00:18:53.977+09:00 DEBUG 1055 --- [           main] org.hibernate.type.BasicTypeRegistry     : Adding type registration java.util.UUID -> org.hibernate.type.BasicTypeReference@5486887b
2024-02-26T00:18:53.977+09:00 DEBUG 1055 --- [           main] org.hibernate.type.BasicTypeRegistry     : Adding type registration pg-uuid -> org.hibernate.type.BasicTypeReference@5486887b
2024-02-26T00:18:53.977+09:00 DEBUG 1055 --- [           main] org.hibernate.type.BasicTypeRegistry     : Adding type registration uuid-binary -> org.hibernate.type.BasicTypeReference@5226e402
2024-02-26T00:18:53.978+09:00 DEBUG 1055 --- [           main] org.hibernate.type.BasicTypeRegistry     : Adding type registration uuid-char -> org.hibernate.type.BasicTypeReference@1440c311
2024-02-26T00:18:53.978+09:00 DEBUG 1055 --- [           main] org.hibernate.type.BasicTypeRegistry     : Adding type registration class -> org.hibernate.type.BasicTypeReference@189b5fb1
2024-02-26T00:18:53.978+09:00 DEBUG 1055 --- [           main] org.hibernate.type.BasicTypeRegistry     : Adding type registration java.lang.Class -> org.hibernate.type.BasicTypeReference@189b5fb1
2024-02-26T00:18:53.978+09:00 DEBUG 1055 --- [           main] org.hibernate.type.BasicTypeRegistry     : Adding type registration currency -> org.hibernate.type.BasicTypeReference@783ec989
2024-02-26T00:18:53.978+09:00 DEBUG 1055 --- [           main] org.hibernate.type.BasicTypeRegistry     : Adding type registration Currency -> org.hibernate.type.BasicTypeReference@783ec989
2024-02-26T00:18:53.978+09:00 DEBUG 1055 --- [           main] org.hibernate.type.BasicTypeRegistry     : Adding type registration java.util.Currency -> org.hibernate.type.BasicTypeReference@783ec989
2024-02-26T00:18:53.978+09:00 DEBUG 1055 --- [           main] org.hibernate.type.BasicTypeRegistry     : Adding type registration locale -> org.hibernate.type.BasicTypeReference@1ddd3478
2024-02-26T00:18:53.978+09:00 DEBUG 1055 --- [           main] org.hibernate.type.BasicTypeRegistry     : Adding type registration java.util.Locale -> org.hibernate.type.BasicTypeReference@1ddd3478
2024-02-26T00:18:53.978+09:00 DEBUG 1055 --- [           main] org.hibernate.type.BasicTypeRegistry     : Adding type registration serializable -> org.hibernate.type.BasicTypeReference@f973499
2024-02-26T00:18:53.978+09:00 DEBUG 1055 --- [           main] org.hibernate.type.BasicTypeRegistry     : Adding type registration java.io.Serializable -> org.hibernate.type.BasicTypeReference@f973499
2024-02-26T00:18:53.978+09:00 DEBUG 1055 --- [           main] org.hibernate.type.BasicTypeRegistry     : Adding type registration timezone -> org.hibernate.type.BasicTypeReference@4d33940d
2024-02-26T00:18:53.978+09:00 DEBUG 1055 --- [           main] org.hibernate.type.BasicTypeRegistry     : Adding type registration java.util.TimeZone -> org.hibernate.type.BasicTypeReference@4d33940d
2024-02-26T00:18:53.978+09:00 DEBUG 1055 --- [           main] org.hibernate.type.BasicTypeRegistry     : Adding type registration ZoneOffset -> org.hibernate.type.BasicTypeReference@43cf6ea3
2024-02-26T00:18:53.978+09:00 DEBUG 1055 --- [           main] org.hibernate.type.BasicTypeRegistry     : Adding type registration java.time.ZoneOffset -> org.hibernate.type.BasicTypeReference@43cf6ea3
2024-02-26T00:18:53.978+09:00 DEBUG 1055 --- [           main] org.hibernate.type.BasicTypeRegistry     : Adding type registration url -> org.hibernate.type.BasicTypeReference@37c5fc56
2024-02-26T00:18:53.978+09:00 DEBUG 1055 --- [           main] org.hibernate.type.BasicTypeRegistry     : Adding type registration java.net.URL -> org.hibernate.type.BasicTypeReference@37c5fc56
2024-02-26T00:18:53.979+09:00 DEBUG 1055 --- [           main] org.hibernate.type.BasicTypeRegistry     : Adding type registration row_version -> org.hibernate.type.BasicTypeReference@1c025cb
2024-02-26T00:18:53.992+09:00 DEBUG 1055 --- [           main] org.hibernate.type.BasicTypeRegistry     : Adding type registration object -> org.hibernate.type.JavaObjectType@21ab988f
2024-02-26T00:18:53.992+09:00 DEBUG 1055 --- [           main] org.hibernate.type.BasicTypeRegistry     : Adding type registration java.lang.Object -> org.hibernate.type.JavaObjectType@21ab988f
2024-02-26T00:18:53.993+09:00 DEBUG 1055 --- [           main] org.hibernate.type.BasicTypeRegistry     : Adding type registration null -> org.hibernate.type.NullType@6b1e7ad3
2024-02-26T00:18:53.994+09:00 DEBUG 1055 --- [           main] org.hibernate.type.BasicTypeRegistry     : Adding type registration imm_date -> org.hibernate.type.BasicTypeReference@63e5e5b4
2024-02-26T00:18:53.994+09:00 DEBUG 1055 --- [           main] org.hibernate.type.BasicTypeRegistry     : Adding type registration imm_time -> org.hibernate.type.BasicTypeReference@13a37e2a
2024-02-26T00:18:53.994+09:00 DEBUG 1055 --- [           main] org.hibernate.type.BasicTypeRegistry     : Adding type registration imm_timestamp -> org.hibernate.type.BasicTypeReference@a50ae65
2024-02-26T00:18:53.994+09:00 DEBUG 1055 --- [           main] org.hibernate.type.BasicTypeRegistry     : Adding type registration imm_calendar -> org.hibernate.type.BasicTypeReference@1280851e
2024-02-26T00:18:53.994+09:00 DEBUG 1055 --- [           main] org.hibernate.type.BasicTypeRegistry     : Adding type registration imm_calendar_date -> org.hibernate.type.BasicTypeReference@5e840abf
2024-02-26T00:18:53.994+09:00 DEBUG 1055 --- [           main] org.hibernate.type.BasicTypeRegistry     : Adding type registration imm_calendar_time -> org.hibernate.type.BasicTypeReference@56de6d6b
2024-02-26T00:18:53.995+09:00 DEBUG 1055 --- [           main] org.hibernate.type.BasicTypeRegistry     : Adding type registration imm_binary -> org.hibernate.type.BasicTypeReference@5972d253
2024-02-26T00:18:53.995+09:00 DEBUG 1055 --- [           main] org.hibernate.type.BasicTypeRegistry     : Adding type registration imm_serializable -> org.hibernate.type.BasicTypeReference@4fcc0416
2024-02-26T00:18:54.085+09:00  INFO 1055 --- [           main] o.h.b.i.BytecodeProviderInitiator        : HHH000021: Bytecode provider name : bytebuddy
2024-02-26T00:18:54.397+09:00  INFO 1055 --- [           main] o.s.o.j.p.SpringPersistenceUnitInfo      : No LoadTimeWeaver setup: ignoring JPA class transformer
2024-02-26T00:18:54.436+09:00  INFO 1055 --- [           main] com.zaxxer.hikari.HikariDataSource       : HikariPool-1 - Starting...
2024-02-26T00:18:54.651+09:00  INFO 1055 --- [           main] com.zaxxer.hikari.pool.HikariPool        : HikariPool-1 - Added connection org.mariadb.jdbc.Connection@4b54af3d
2024-02-26T00:18:54.655+09:00  INFO 1055 --- [           main] com.zaxxer.hikari.HikariDataSource       : HikariPool-1 - Start completed.
2024-02-26T00:18:54.791+09:00 DEBUG 1055 --- [           main] o.h.t.d.sql.spi.DdlTypeRegistry          : addDescriptor(12, org.hibernate.type.descriptor.sql.internal.CapacityDependentDdlType@35dd9ed3) replaced previous registration(org.hibernate.type.descriptor.sql.internal.CapacityDependentDdlType@8ff5094)
2024-02-26T00:18:54.791+09:00 DEBUG 1055 --- [           main] o.h.t.d.sql.spi.DdlTypeRegistry          : addDescriptor(-9, org.hibernate.type.descriptor.sql.internal.CapacityDependentDdlType@363f0ba0) replaced previous registration(org.hibernate.type.descriptor.sql.internal.CapacityDependentDdlType@35fb22a9)
2024-02-26T00:18:54.791+09:00 DEBUG 1055 --- [           main] o.h.t.d.sql.spi.DdlTypeRegistry          : addDescriptor(-3, org.hibernate.type.descriptor.sql.internal.CapacityDependentDdlType@6c8909c3) replaced previous registration(org.hibernate.type.descriptor.sql.internal.CapacityDependentDdlType@1e008f36)
2024-02-26T00:18:54.792+09:00 DEBUG 1055 --- [           main] o.h.t.d.sql.spi.DdlTypeRegistry          : addDescriptor(4003, org.hibernate.type.descriptor.sql.internal.DdlTypeImpl@50acf55d) replaced previous registration(org.hibernate.type.descriptor.sql.internal.DdlTypeImpl@3cae7b8b)
2024-02-26T00:18:54.792+09:00 DEBUG 1055 --- [           main] o.h.t.d.sql.spi.DdlTypeRegistry          : addDescriptor(4001, org.hibernate.type.descriptor.sql.internal.DdlTypeImpl@184dbacc) replaced previous registration(org.hibernate.type.descriptor.sql.internal.DdlTypeImpl@2aeefcc)
2024-02-26T00:18:54.792+09:00 DEBUG 1055 --- [           main] o.h.t.d.sql.spi.DdlTypeRegistry          : addDescriptor(4002, org.hibernate.type.descriptor.sql.internal.DdlTypeImpl@359ff4d9) replaced previous registration(org.hibernate.type.descriptor.sql.internal.DdlTypeImpl@7a22a3c2)
2024-02-26T00:18:54.792+09:00 DEBUG 1055 --- [           main] o.h.t.d.sql.spi.DdlTypeRegistry          : addDescriptor(2004, org.hibernate.type.descriptor.sql.internal.CapacityDependentDdlType@f4cfd90) replaced previous registration(org.hibernate.type.descriptor.sql.internal.DdlTypeImpl@7ae9a33a)
2024-02-26T00:18:54.792+09:00 DEBUG 1055 --- [           main] o.h.t.d.sql.spi.DdlTypeRegistry          : addDescriptor(2005, org.hibernate.type.descriptor.sql.internal.CapacityDependentDdlType@301aa982) replaced previous registration(org.hibernate.type.descriptor.sql.internal.DdlTypeImpl@5fc930f0)
2024-02-26T00:18:54.792+09:00 DEBUG 1055 --- [           main] o.h.t.d.sql.spi.DdlTypeRegistry          : addDescriptor(2011, org.hibernate.type.descriptor.sql.internal.CapacityDependentDdlType@3701e6e4) replaced previous registration(org.hibernate.type.descriptor.sql.internal.DdlTypeImpl@c6634d)
2024-02-26T00:18:54.793+09:00 DEBUG 1055 --- [           main] o.h.t.d.jdbc.spi.JdbcTypeRegistry        : addDescriptor(2005, ClobTypeDescriptor(STREAM_BINDING)) replaced previous registration(ClobTypeDescriptor(DEFAULT))
2024-02-26T00:18:54.815+09:00 DEBUG 1055 --- [           main] org.hibernate.type.BasicTypeRegistry     : Adding type registration null -> org.hibernate.type.NullType@30501e60
2024-02-26T00:18:54.815+09:00 DEBUG 1055 --- [           main] org.hibernate.type.BasicTypeRegistry     : Type registration key [null] overrode previous entry : `org.hibernate.type.NullType@6b1e7ad3`
2024-02-26T00:18:54.820+09:00 DEBUG 1055 --- [           main] org.hibernate.type.BasicTypeRegistry     : Adding type registration Duration -> basicType@1(java.time.Duration,2)
2024-02-26T00:18:54.820+09:00 DEBUG 1055 --- [           main] org.hibernate.type.BasicTypeRegistry     : Adding type registration java.time.Duration -> basicType@1(java.time.Duration,2)
2024-02-26T00:18:54.827+09:00 DEBUG 1055 --- [           main] org.hibernate.type.BasicTypeRegistry     : Adding type registration org.hibernate.type.OffsetDateTimeType -> basicType@2(java.time.OffsetDateTime,3003)
2024-02-26T00:18:54.827+09:00 DEBUG 1055 --- [           main] org.hibernate.type.BasicTypeRegistry     : Adding type registration OffsetDateTime -> basicType@2(java.time.OffsetDateTime,3003)
2024-02-26T00:18:54.827+09:00 DEBUG 1055 --- [           main] org.hibernate.type.BasicTypeRegistry     : Adding type registration java.time.OffsetDateTime -> basicType@2(java.time.OffsetDateTime,3003)
2024-02-26T00:18:54.828+09:00 DEBUG 1055 --- [           main] org.hibernate.type.BasicTypeRegistry     : Adding type registration org.hibernate.type.ZonedDateTimeType -> basicType@3(java.time.ZonedDateTime,3003)
2024-02-26T00:18:54.828+09:00 DEBUG 1055 --- [           main] org.hibernate.type.BasicTypeRegistry     : Adding type registration ZonedDateTime -> basicType@3(java.time.ZonedDateTime,3003)
2024-02-26T00:18:54.828+09:00 DEBUG 1055 --- [           main] org.hibernate.type.BasicTypeRegistry     : Adding type registration java.time.ZonedDateTime -> basicType@3(java.time.ZonedDateTime,3003)
2024-02-26T00:18:54.829+09:00 DEBUG 1055 --- [           main] org.hibernate.type.BasicTypeRegistry     : Adding type registration org.hibernate.type.OffsetTimeType -> basicType@4(java.time.OffsetTime,3007)
2024-02-26T00:18:54.829+09:00 DEBUG 1055 --- [           main] org.hibernate.type.BasicTypeRegistry     : Adding type registration OffsetTime -> basicType@4(java.time.OffsetTime,3007)
2024-02-26T00:18:54.829+09:00 DEBUG 1055 --- [           main] org.hibernate.type.BasicTypeRegistry     : Adding type registration java.time.OffsetTime -> basicType@4(java.time.OffsetTime,3007)
2024-02-26T00:18:54.830+09:00 DEBUG 1055 --- [           main] o.h.type.spi.TypeConfiguration$Scope     : Scoping TypeConfiguration [org.hibernate.type.spi.TypeConfiguration@21f8e55f] to MetadataBuildingContext [org.hibernate.boot.internal.MetadataBuildingContextRootImpl@d5ce97f]
2024-02-26T00:18:55.481+09:00  INFO 1055 --- [           main] o.h.b.i.BytecodeProviderInitiator        : HHH000021: Bytecode provider name : bytebuddy
2024-02-26T00:18:56.980+09:00  WARN 1055 --- [onnection adder] o.m.jdbc.message.server.ErrorPacket      : Error: 1040-08004: Too many connections
2024-02-26T00:18:57.005+09:00  WARN 1055 --- [onnection adder] o.m.jdbc.message.server.ErrorPacket      : Error: 1040-08004: Too many connections
2024-02-26T00:18:57.049+09:00  WARN 1055 --- [onnection adder] o.m.jdbc.message.server.ErrorPacket      : Error: 1040-08004: Too many connections
2024-02-26T00:18:57.131+09:00  WARN 1055 --- [onnection adder] o.m.jdbc.message.server.ErrorPacket      : Error: 1040-08004: Too many connections
2024-02-26T00:18:57.295+09:00  WARN 1055 --- [onnection adder] o.m.jdbc.message.server.ErrorPacket      : Error: 1040-08004: Too many connections
2024-02-26T00:18:57.389+09:00  INFO 1055 --- [           main] o.h.e.t.j.p.i.JtaPlatformInitiator       : HHH000490: Using JtaPlatform implementation: [org.hibernate.engine.transaction.jta.platform.internal.NoJtaPlatform]
2024-02-26T00:18:57.390+09:00 DEBUG 1055 --- [           main] o.h.type.spi.TypeConfiguration$Scope     : Scoping TypeConfiguration [org.hibernate.type.spi.TypeConfiguration@21f8e55f] to SessionFactoryImplementor [org.hibernate.internal.SessionFactoryImpl@d5bb1c4]
2024-02-26T00:18:57.524+09:00 TRACE 1055 --- [           main] o.h.type.spi.TypeConfiguration$Scope     : Handling #sessionFactoryCreated from [org.hibernate.internal.SessionFactoryImpl@d5bb1c4] for TypeConfiguration
2024-02-26T00:18:57.525+09:00  INFO 1055 --- [           main] j.LocalContainerEntityManagerFactoryBean : Initialized JPA EntityManagerFactory for persistence unit 'default'
2024-02-26T00:18:57.617+09:00  WARN 1055 --- [onnection adder] o.m.jdbc.message.server.ErrorPacket      : Error: 1040-08004: Too many connections
2024-02-26T00:18:58.259+09:00  WARN 1055 --- [onnection adder] o.m.jdbc.message.server.ErrorPacket      : Error: 1040-08004: Too many connections
2024-02-26T00:18:59.553+09:00  WARN 1055 --- [onnection adder] o.m.jdbc.message.server.ErrorPacket      : Error: 1040-08004: Too many connections
2024-02-26T00:19:00.397+09:00  INFO 1055 --- [           main] o.s.d.j.r.query.QueryEnhancerFactory     : Hibernate is in classpath; If applicable, HQL parser will be used.
2024-02-26T00:19:02.117+09:00  WARN 1055 --- [onnection adder] o.m.jdbc.message.server.ErrorPacket      : Error: 1040-08004: Too many connections
2024-02-26T00:19:02.471+09:00  WARN 1055 --- [           main] .s.s.UserDetailsServiceAutoConfiguration : 

Using generated security password: 5b58319f-5eb3-4ecc-94b5-7e87d34202ba

This generated password is for development use only. Your security configuration must be updated before running your application in production.

2024-02-26T00:19:02.681+09:00  INFO 1055 --- [           main] o.s.s.web.DefaultSecurityFilterChain     : Will secure any request with [org.springframework.security.web.session.DisableEncodeUrlFilter@6d87253e, org.springframework.security.web.context.request.async.WebAsyncManagerIntegrationFilter@4e31b64d, org.springframework.security.web.context.SecurityContextHolderFilter@53d2f0ec, org.springframework.security.web.header.HeaderWriterFilter@70d7a49b, org.springframework.security.web.authentication.logout.LogoutFilter@2ff62720, com.example.copro.global.jwt.JwtAuthorizationFilter@1946384, org.springframework.security.web.savedrequest.RequestCacheAwareFilter@14d36bb2, org.springframework.security.web.servletapi.SecurityContextHolderAwareRequestFilter@4452e13c, org.springframework.security.web.authentication.AnonymousAuthenticationFilter@434b2e0c, org.springframework.security.web.session.SessionManagementFilter@41289e88, org.springframework.security.web.access.ExceptionTranslationFilter@5764d421, org.springframework.security.web.access.intercept.AuthorizationFilter@7d4bdbd8]
2024-02-26T00:19:05.139+09:00  WARN 1055 --- [           main] o.s.s.c.a.web.builders.WebSecurity       : You are asking Spring Security to ignore Mvc [pattern='/docs/**']. This is not recommended -- please use permitAll via HttpSecurity#authorizeHttpRequests instead.
2024-02-26T00:19:05.140+09:00  INFO 1055 --- [           main] o.s.s.web.DefaultSecurityFilterChain     : Will not secure Mvc [pattern='/docs/**']
2024-02-26T00:19:05.140+09:00  WARN 1055 --- [           main] o.s.s.c.a.web.builders.WebSecurity       : You are asking Spring Security to ignore Mvc [pattern='/api-docs/**']. This is not recommended -- please use permitAll via HttpSecurity#authorizeHttpRequests instead.
2024-02-26T00:19:05.143+09:00  INFO 1055 --- [           main] o.s.s.web.DefaultSecurityFilterChain     : Will not secure Mvc [pattern='/api-docs/**']
2024-02-26T00:19:05.143+09:00  WARN 1055 --- [           main] o.s.s.c.a.web.builders.WebSecurity       : You are asking Spring Security to ignore Mvc [pattern='/swagger-ui/**']. This is not recommended -- please use permitAll via HttpSecurity#authorizeHttpRequests instead.
2024-02-26T00:19:05.143+09:00  INFO 1055 --- [           main] o.s.s.web.DefaultSecurityFilterChain     : Will not secure Mvc [pattern='/swagger-ui/**']
2024-02-26T00:19:05.143+09:00  WARN 1055 --- [           main] o.s.s.c.a.web.builders.WebSecurity       : You are asking Spring Security to ignore Mvc [pattern='/favicon.ico']. This is not recommended -- please use permitAll via HttpSecurity#authorizeHttpRequests instead.
2024-02-26T00:19:05.143+09:00  INFO 1055 --- [           main] o.s.s.web.DefaultSecurityFilterChain     : Will not secure Mvc [pattern='/favicon.ico']
2024-02-26T00:19:05.804+09:00  INFO 1055 --- [           main] o.s.b.w.embedded.tomcat.TomcatWebServer  : Tomcat started on port(s): 8091 (http) with context path ''
2024-02-26T00:19:05.836+09:00  INFO 1055 --- [           main] com.example.copro.CoProApplication       : Started CoProApplication in 18.139 seconds (process running for 19.949)
2024-02-26T00:19:07.122+09:00  WARN 1055 --- [onnection adder] o.m.jdbc.message.server.ErrorPacket      : Error: 1040-08004: Too many connections
2024-02-26T00:19:11.025+09:00  INFO 1055 --- [nio-8091-exec-1] o.a.c.c.C.[Tomcat].[localhost].[/]       : Initializing Spring DispatcherServlet 'dispatcherServlet'
2024-02-26T00:19:11.025+09:00  INFO 1055 --- [nio-8091-exec-1] o.s.web.servlet.DispatcherServlet        : Initializing Servlet 'dispatcherServlet'
2024-02-26T00:19:11.028+09:00  INFO 1055 --- [nio-8091-exec-1] o.s.web.servlet.DispatcherServlet        : Completed initialization in 2 ms
2024-02-26T00:19:12.125+09:00  WARN 1055 --- [onnection adder] o.m.jdbc.message.server.ErrorPacket      : Error: 1040-08004: Too many connections
2024-02-26T00:19:16.595+09:00  INFO 1055 --- [io-8091-exec-10] o.springdoc.api.AbstractOpenApiResource  : Init duration for springdoc-openapi is: 1682 ms
2024-02-26T00:19:17.129+09:00  WARN 1055 --- [onnection adder] o.m.jdbc.message.server.ErrorPacket      : Error: 1040-08004: Too many connections
2024-02-26T00:19:22.132+09:00  WARN 1055 --- [onnection adder] o.m.jdbc.message.server.ErrorPacket      : Error: 1040-08004: Too many connections
2024-02-26T00:19:27.143+09:00  WARN 1055 --- [onnection adder] o.m.jdbc.message.server.ErrorPacket      : Error: 1040-08004: Too many connections
2024-02-26T00:19:32.147+09:00  WARN 1055 --- [onnection adder] o.m.jdbc.message.server.ErrorPacket      : Error: 1040-08004: Too many connections
2024-02-26T00:19:37.150+09:00  WARN 1055 --- [onnection adder] o.m.jdbc.message.server.ErrorPacket      : Error: 1040-08004: Too many connections
2024-02-26T00:19:42.153+09:00  WARN 1055 --- [onnection adder] o.m.jdbc.message.server.ErrorPacket      : Error: 1040-08004: Too many connections
2024-02-26T00:19:47.156+09:00  WARN 1055 --- [onnection adder] o.m.jdbc.message.server.ErrorPacket      : Error: 1040-08004: Too many connections
2024-02-26T00:19:52.159+09:00  WARN 1055 --- [onnection adder] o.m.jdbc.message.server.ErrorPacket      : Error: 1040-08004: Too many connections
2024-02-26T00:19:57.164+09:00  WARN 1055 --- [onnection adder] o.m.jdbc.message.server.ErrorPacket      : Error: 1040-08004: Too many connections
2024-02-26T00:20:02.167+09:00  WARN 1055 --- [onnection adder] o.m.jdbc.message.server.ErrorPacket      : Error: 1040-08004: Too many connections
2024-02-26T00:20:07.170+09:00  WARN 1055 --- [onnection adder] o.m.jdbc.message.server.ErrorPacket      : Error: 1040-08004: Too many connections
2024-02-26T00:20:12.173+09:00  WARN 1055 --- [onnection adder] o.m.jdbc.message.server.ErrorPacket      : Error: 1040-08004: Too many connections
2024-02-26T00:20:17.177+09:00  WARN 1055 --- [onnection adder] o.m.jdbc.message.server.ErrorPacket      : Error: 1040-08004: Too many connections
2024-02-26T00:20:22.179+09:00  WARN 1055 --- [onnection adder] o.m.jdbc.message.server.ErrorPacket      : Error: 1040-08004: Too many connections
2024-02-26T00:20:27.183+09:00  WARN 1055 --- [onnection adder] o.m.jdbc.message.server.ErrorPacket      : Error: 1040-08004: Too many connections
2024-02-26T00:20:28.989+09:00  INFO 1055 --- [nio-8091-exec-8] o.springdoc.api.AbstractOpenApiResource  : Init duration for springdoc-openapi is: 649 ms
2024-02-26T00:20:32.186+09:00  WARN 1055 --- [onnection adder] o.m.jdbc.message.server.ErrorPacket      : Error: 1040-08004: Too many connections
2024-02-26T00:20:37.189+09:00  WARN 1055 --- [onnection adder] o.m.jdbc.message.server.ErrorPacket      : Error: 1040-08004: Too many connections
2024-02-26T00:20:42.191+09:00  WARN 1055 --- [onnection adder] o.m.jdbc.message.server.ErrorPacket      : Error: 1040-08004: Too many connections
2024-02-26T00:20:47.194+09:00  WARN 1055 --- [onnection adder] o.m.jdbc.message.server.ErrorPacket      : Error: 1040-08004: Too many connections
2024-02-26T00:20:52.196+09:00  WARN 1055 --- [onnection adder] o.m.jdbc.message.server.ErrorPacket      : Error: 1040-08004: Too many connections
2024-02-26T00:20:57.205+09:00  WARN 1055 --- [onnection adder] o.m.jdbc.message.server.ErrorPacket      : Error: 1040-08004: Too many connections
